<?xml version="1.0" encoding="UTF-8"?>
<!-- Generated by org.testng.reporters.JUnitXMLReporter -->
<testsuite ignored="0" hostname="FLASH" failures="0" tests="4" name="Default test" time="5.097" errors="0" timestamp="2025-02-10T17:31:33 IST">
  <testcase classname="tests.RestCountriesTest" name="excelDataTesting" time="1.997"/>
  <testcase classname="tests.RestCountriesTest" name="excelDataTesting" time="0.741"/>
  <testcase classname="tests.RestCountriesTest" name="excelDataTesting" time="0.726"/>
  <testcase classname="tests.RestCountriesTest" name="excelDataTesting" time="0.725"/>
</testsuite> <!-- Default test -->
