<?xml version="1.0" encoding="UTF-8"?>
<!-- Generated by org.testng.reporters.JUnitXMLReporter -->
<testsuite ignored="0" hostname="FLASH" failures="0" tests="4" name="Default test" time="5.135" errors="0" timestamp="2025-02-11T22:16:14 CST">
  <testcase classname="tests.RestCountriesTest" name="excelDataTesting" time="1.954"/>
  <testcase classname="tests.RestCountriesTest" name="excelDataTesting" time="0.736"/>
  <testcase classname="tests.RestCountriesTest" name="excelDataTesting" time="0.717"/>
  <testcase classname="tests.RestCountriesTest" name="excelDataTesting" time="0.732"/>
</testsuite> <!-- Default test -->
