<?xml version="1.0" encoding="UTF-8"?>
<!-- Generated by org.testng.reporters.JUnitReportReporter -->
<testsuite hostname="FLASH" failures="0" tests="4" name="runner.TestRunner" time="20.432" errors="0" timestamp="2025-02-10T17:17:20 IST" skipped="0">
  <testcase classname="runner.TestRunner" name="runScenario" time="5.137"/>
  <testcase classname="runner.TestRunner" name="runScenario" time="4.966"/>
  <testcase classname="runner.TestRunner" name="runScenario" time="5.267"/>
  <testcase classname="runner.TestRunner" name="runScenario" time="5.062"/>
</testsuite> <!-- runner.TestRunner -->
