<?xml version="1.0" encoding="UTF-8"?>
<!-- Generated by org.testng.reporters.JUnitReportReporter -->
<testsuite hostname="FLASH" failures="0" tests="4" name="tests.RestCountriesTest" time="4.189" errors="0" timestamp="2025-02-10T17:31:33 IST" skipped="0">
  <testcase classname="tests.RestCountriesTest" name="excelDataTesting" time="0.741"/>
  <testcase classname="tests.RestCountriesTest" name="excelDataTesting" time="0.726"/>
  <testcase classname="tests.RestCountriesTest" name="excelDataTesting" time="1.997"/>
  <testcase classname="tests.RestCountriesTest" name="excelDataTesting" time="0.725"/>
</testsuite> <!-- tests.RestCountriesTest -->
