<?xml version="1.0" encoding="UTF-8"?>
<testng-results ignored="0" total="4" passed="3" failed="1" skipped="0">
  <reporter-output>
  </reporter-output>
  <suite started-at="2025-02-11T21:37:45 CST" name="CapstoneProjectSuite" finished-at="2025-02-11T21:38:07 CST" duration-ms="21884">
    <groups>
      <group name="cucumber">
        <method signature="AbstractTestNGCucumberTests.runScenario(io.cucumber.testng.PickleWrapper,io.cucumber.testng.FeatureWrapper)[pri:0, instance:runner.TestRunner@5e2c3d18]" name="runScenario" class="io.cucumber.testng.AbstractTestNGCucumberTests"/>
      </group> <!-- cucumber -->
    </groups>
    <test started-at="2025-02-11T21:37:45 CST" name="HerokuAppTest" finished-at="2025-02-11T21:38:07 CST" duration-ms="21884">
      <class name="runner.TestRunner">
        <test-method is-config="true" signature="setUpClass(org.testng.ITestContext)[pri:0, instance:runner.TestRunner@5e2c3d18]" started-at="2025-02-11T21:37:45 CST" name="setUpClass" finished-at="2025-02-11T21:37:46 CST" duration-ms="503" status="PASS">
          <params>
            <param index="0">
              <value>
                <![CDATA[org.testng.TestRunner@806996]]>
              </value>
            </param>
          </params>
          <reporter-output>
          </reporter-output>
        </test-method> <!-- setUpClass -->
        <test-method signature="runScenario(io.cucumber.testng.PickleWrapper,io.cucumber.testng.FeatureWrapper)[pri:0, instance:runner.TestRunner@5e2c3d18]" started-at="2025-02-11T21:37:46 CST" name="runScenario" description="Runs Cucumber Scenarios" data-provider="scenarios" finished-at="2025-02-11T21:37:51 CST" duration-ms="4892" status="PASS">
          <params>
            <param index="0">
              <value>
                <![CDATA["Verify Title and Navigate Pages"]]>
              </value>
            </param>
            <param index="1">
              <value>
                <![CDATA["Testing Internet HerokuApp functionalities"]]>
              </value>
            </param>
          </params>
          <reporter-output>
          </reporter-output>
        </test-method> <!-- runScenario -->
        <test-method signature="runScenario(io.cucumber.testng.PickleWrapper,io.cucumber.testng.FeatureWrapper)[pri:0, instance:runner.TestRunner@5e2c3d18]" started-at="2025-02-11T21:37:51 CST" name="runScenario" description="Runs Cucumber Scenarios" data-provider="scenarios" finished-at="2025-02-11T21:37:57 CST" duration-ms="5982" status="FAIL">
          <params>
            <param index="0">
              <value>
                <![CDATA["Verify A/B Testing Page"]]>
              </value>
            </param>
            <param index="1">
              <value>
                <![CDATA["Testing Internet HerokuApp functionalities"]]>
              </value>
            </param>
          </params>
          <exception class="java.lang.AssertionError">
            <message>
              <![CDATA[expected [A/B Test Variation 1] but found [A/B Test Control]]]>
            </message>
            <full-stacktrace>
              <![CDATA[java.lang.AssertionError: expected [A/B Test Variation 1] but found [A/B Test Control]
at org.testng.Assert.fail(Assert.java:111)
at org.testng.Assert.failNotEquals(Assert.java:1578)
at org.testng.Assert.assertEqualsImpl(Assert.java:150)
at org.testng.Assert.assertEquals(Assert.java:132)
at org.testng.Assert.assertEquals(Assert.java:656)
at org.testng.Assert.assertEquals(Assert.java:666)
at stepDefinitions.HerokuAppSteps.verifyABTestText(HerokuAppSteps.java:46)
at ✽.I verify the text on the page is "A/B Test Variation 1"(file:///C:/Users/Barry%20Allen/Desktop/New%20folder/Techademy/TechademyCapstoneAllInOne/Question1/src/test/resources/features/InternetHerokuApp.feature:10)
]]>
            </full-stacktrace>
          </exception> <!-- java.lang.AssertionError -->
          <reporter-output>
          </reporter-output>
        </test-method> <!-- runScenario -->
        <test-method signature="runScenario(io.cucumber.testng.PickleWrapper,io.cucumber.testng.FeatureWrapper)[pri:0, instance:runner.TestRunner@5e2c3d18]" started-at="2025-02-11T21:37:57 CST" name="runScenario" description="Runs Cucumber Scenarios" data-provider="scenarios" finished-at="2025-02-11T21:38:01 CST" duration-ms="4880" status="PASS">
          <params>
            <param index="0">
              <value>
                <![CDATA["Select Dropdown Option"]]>
              </value>
            </param>
            <param index="1">
              <value>
                <![CDATA["Testing Internet HerokuApp functionalities"]]>
              </value>
            </param>
          </params>
          <reporter-output>
          </reporter-output>
        </test-method> <!-- runScenario -->
        <test-method signature="runScenario(io.cucumber.testng.PickleWrapper,io.cucumber.testng.FeatureWrapper)[pri:0, instance:runner.TestRunner@5e2c3d18]" started-at="2025-02-11T21:38:01 CST" name="runScenario" description="Runs Cucumber Scenarios" data-provider="scenarios" finished-at="2025-02-11T21:38:07 CST" duration-ms="5573" status="PASS">
          <params>
            <param index="0">
              <value>
                <![CDATA["Verify Frames Page Links"]]>
              </value>
            </param>
            <param index="1">
              <value>
                <![CDATA["Testing Internet HerokuApp functionalities"]]>
              </value>
            </param>
          </params>
          <reporter-output>
          </reporter-output>
        </test-method> <!-- runScenario -->
        <test-method is-config="true" signature="tearDownClass()[pri:0, instance:runner.TestRunner@5e2c3d18]" started-at="2025-02-11T21:38:07 CST" name="tearDownClass" finished-at="2025-02-11T21:38:07 CST" duration-ms="14" status="PASS">
          <reporter-output>
          </reporter-output>
        </test-method> <!-- tearDownClass -->
      </class> <!-- runner.TestRunner -->
    </test> <!-- HerokuAppTest -->
  </suite> <!-- CapstoneProjectSuite -->
</testng-results>
