<?xml version="1.0" encoding="UTF-8"?>
<!-- Generated by org.testng.reporters.JUnitXMLReporter -->
<testsuite ignored="0" hostname="FLASH" failures="1" tests="4" name="HerokuAppTest" time="21.884" errors="0" timestamp="2025-02-11T21:38:07 CST">
  <testcase classname="io.cucumber.testng.AbstractTestNGCucumberTests" name="runScenario" time="4.892"/>
  <testcase classname="io.cucumber.testng.AbstractTestNGCucumberTests" name="runScenario" time="5.982">
    <failure type="java.lang.AssertionError" message="expected [A/B Test Variation 1] but found [A/B Test Control]">
      <![CDATA[java.lang.AssertionError: expected [A/B Test Variation 1] but found [A/B Test Control]
at stepDefinitions.HerokuAppSteps.verifyABTestText(HerokuAppSteps.java:46)
at ✽.I verify the text on the page is "A/B Test Variation 1"(file:///C:/Users/Barry%20Allen/Desktop/New%20folder/Techademy/TechademyCapstoneAllInOne/Question1/src/test/resources/features/InternetHerokuApp.feature:10)
... Removed 6 stack frames]]>
    </failure>
  </testcase> <!-- runScenario -->
  <testcase classname="io.cucumber.testng.AbstractTestNGCucumberTests" name="runScenario" time="4.88"/>
  <testcase classname="io.cucumber.testng.AbstractTestNGCucumberTests" name="runScenario" time="5.573"/>
</testsuite> <!-- HerokuAppTest -->
