<?xml version="1.0" encoding="UTF-8"?>
<!-- Generated by org.testng.reporters.JUnitReportReporter -->
<testsuite hostname="FLASH" failures="1" tests="4" name="runner.TestRunner" time="21.327" errors="0" timestamp="2025-02-11T21:38:07 CST" skipped="0">
  <testcase classname="runner.TestRunner" name="runScenario" time="4.892"/>
  <testcase classname="runner.TestRunner" name="runScenario" time="4.880"/>
  <testcase classname="runner.TestRunner" name="runScenario" time="5.573"/>
  <testcase classname="runner.TestRunner" name="runScenario" time="5.982">
    <failure message="expected [A/B Test Variation 1] but found [A/B Test Control]" type="java.lang.AssertionError">
      <![CDATA[java.lang.AssertionError: expected [A/B Test Variation 1] but found [A/B Test Control]
at org.testng.Assert.fail(Assert.java:111)
at org.testng.Assert.failNotEquals(Assert.java:1578)
at org.testng.Assert.assertEqualsImpl(Assert.java:150)
at org.testng.Assert.assertEquals(Assert.java:132)
at org.testng.Assert.assertEquals(Assert.java:656)
at org.testng.Assert.assertEquals(Assert.java:666)
at stepDefinitions.HerokuAppSteps.verifyABTestText(HerokuAppSteps.java:46)
at ✽.I verify the text on the page is "A/B Test Variation 1"(file:///C:/Users/Barry%20Allen/Desktop/New%20folder/Techademy/TechademyCapstoneAllInOne/Question1/src/test/resources/features/InternetHerokuApp.feature:10)
]]>
    </failure>
  </testcase> <!-- runScenario -->
</testsuite> <!-- runner.TestRunner -->
