<?xml version="1.0" encoding="UTF-8"?>
<testng-results ignored="0" total="4" passed="4" failed="0" skipped="0">
  <reporter-output>
  </reporter-output>
  <suite started-at="2025-02-11T22:16:08 CST" name="Default suite" finished-at="2025-02-11T22:16:14 CST" duration-ms="5135">
    <groups>
    </groups>
    <test started-at="2025-02-11T22:16:08 CST" name="Default test" finished-at="2025-02-11T22:16:14 CST" duration-ms="5135">
      <class name="tests.RestCountriesTest">
        <test-method signature="excelDataTesting(java.lang.String,java.lang.String)[pri:0, instance:tests.RestCountriesTest@59505b48]" started-at="2025-02-11T22:16:09 CST" name="excelDataTesting" data-provider="excelTestData" finished-at="2025-02-11T22:16:11 CST" duration-ms="1954" status="PASS">
          <params>
            <param index="0">
              <value>
                <![CDATA[1.0]]>
              </value>
            </param>
            <param index="1">
              <value>
                <![CDATA[France]]>
              </value>
            </param>
          </params>
          <reporter-output>
          </reporter-output>
        </test-method> <!-- excelDataTesting -->
        <test-method signature="excelDataTesting(java.lang.String,java.lang.String)[pri:0, instance:tests.RestCountriesTest@59505b48]" started-at="2025-02-11T22:16:11 CST" name="excelDataTesting" data-provider="excelTestData" finished-at="2025-02-11T22:16:12 CST" duration-ms="736" status="PASS">
          <params>
            <param index="0">
              <value>
                <![CDATA[2.0]]>
              </value>
            </param>
            <param index="1">
              <value>
                <![CDATA[Germany]]>
              </value>
            </param>
          </params>
          <reporter-output>
          </reporter-output>
        </test-method> <!-- excelDataTesting -->
        <test-method signature="excelDataTesting(java.lang.String,java.lang.String)[pri:0, instance:tests.RestCountriesTest@59505b48]" started-at="2025-02-11T22:16:12 CST" name="excelDataTesting" data-provider="excelTestData" finished-at="2025-02-11T22:16:13 CST" duration-ms="717" status="PASS">
          <params>
            <param index="0">
              <value>
                <![CDATA[3.0]]>
              </value>
            </param>
            <param index="1">
              <value>
                <![CDATA[Alemania]]>
              </value>
            </param>
          </params>
          <reporter-output>
          </reporter-output>
        </test-method> <!-- excelDataTesting -->
        <test-method signature="excelDataTesting(java.lang.String,java.lang.String)[pri:0, instance:tests.RestCountriesTest@59505b48]" started-at="2025-02-11T22:16:13 CST" name="excelDataTesting" data-provider="excelTestData" finished-at="2025-02-11T22:16:14 CST" duration-ms="732" status="PASS">
          <params>
            <param index="0">
              <value>
                <![CDATA[4.0]]>
              </value>
            </param>
            <param index="1">
              <value>
                <![CDATA[Saksamaa]]>
              </value>
            </param>
          </params>
          <reporter-output>
          </reporter-output>
        </test-method> <!-- excelDataTesting -->
      </class> <!-- tests.RestCountriesTest -->
    </test> <!-- Default test -->
  </suite> <!-- Default suite -->
</testng-results>
